C51 COMPILER V9.57.0.0   ADD1                                                              07/12/2019 10:18:34 PAGE 1   


C51 COMPILER V9.57.0.0, COMPILATION OF MODULE ADD1
OBJECT MODULE PLACED IN .\Objects\add1.obj
COMPILER INVOKED BY: C:\Keil_v5\C51\BIN\C51.EXE add1.c OPTIMIZE(8,SPEED) BROWSE DEBUG OBJECTEXTEND PRINT(.\Listings\add1
                    -.lst) TABS(2) OBJECT(.\Objects\add1.obj)

line level    source

   1           #include<AT89c51xd2.h>
   2           void main()
   3           {
   4   1          int a=0x09,b=0x09;
   5   1          
   6   1             P0=a-b;
   7   1             P1=a*b;
   8   1              P2=a/b;
   9   1                 P3=a&b;
  10   1                P4=a|b;
  11   1                   P5=a^b;
  12   1       }
  13           


MODULE INFORMATION:   STATIC OVERLAYABLE
   CODE SIZE        =     52    ----
   CONSTANT SIZE    =   ----    ----
   XDATA SIZE       =   ----    ----
   PDATA SIZE       =   ----    ----
   DATA SIZE        =   ----       2
   IDATA SIZE       =   ----    ----
   BIT SIZE         =   ----    ----
END OF MODULE INFORMATION.


C51 COMPILATION COMPLETE.  0 WARNING(S),  0 ERROR(S)
